\BOOKMARK [0][-]{chapter.1}{\376\377\000C\000o\000d\000e\000\040\000D\000o\000c\000u\000m\000e\000n\000t\000a\000t\000i\000o\000n\000\040\000o\000f\000\040\000t\000h\000e\000\040\000R\000o\000b\000o\000t\000\040\000S\000w\000a\000r\000m\000\040\000S\000i\000m\000u\000l\000a\000t\000o\000r}{}
\BOOKMARK [1][-]{section.1.1}{\376\377\000I\000n\000t\000r\000o\000d\000u\000c\000t\000i\000o\000n}{chapter.1}
\BOOKMARK [0][-]{chapter.2}{\376\377\000D\000i\000r\000e\000c\000t\000o\000r\000y\000\040\000H\000i\000e\000r\000a\000r\000c\000h\000y}{}
\BOOKMARK [1][-]{section.2.1}{\376\377\000D\000i\000r\000e\000c\000t\000o\000r\000i\000e\000s}{chapter.2}
\BOOKMARK [0][-]{chapter.3}{\376\377\000N\000a\000m\000e\000s\000p\000a\000c\000e\000\040\000I\000n\000d\000e\000x}{}
\BOOKMARK [1][-]{section.3.1}{\376\377\000N\000a\000m\000e\000s\000p\000a\000c\000e\000\040\000L\000i\000s\000t}{chapter.3}
\BOOKMARK [0][-]{chapter.4}{\376\377\000C\000l\000a\000s\000s\000\040\000I\000n\000d\000e\000x}{}
\BOOKMARK [1][-]{section.4.1}{\376\377\000C\000l\000a\000s\000s\000\040\000H\000i\000e\000r\000a\000r\000c\000h\000y}{chapter.4}
\BOOKMARK [0][-]{chapter.5}{\376\377\000C\000l\000a\000s\000s\000\040\000I\000n\000d\000e\000x}{}
\BOOKMARK [1][-]{section.5.1}{\376\377\000C\000l\000a\000s\000s\000\040\000L\000i\000s\000t}{chapter.5}
\BOOKMARK [0][-]{chapter.6}{\376\377\000D\000i\000r\000e\000c\000t\000o\000r\000y\000\040\000D\000o\000c\000u\000m\000e\000n\000t\000a\000t\000i\000o\000n}{}
\BOOKMARK [1][-]{section.6.1}{\376\377\000s\000r\000c\000/\000A\000c\000t\000i\000v\000a\000t\000i\000o\000n\000S\000e\000q\000u\000e\000n\000c\000e\000G\000e\000n\000e\000r\000a\000t\000o\000r\000s\000/\000\040\000D\000i\000r\000e\000c\000t\000o\000r\000y\000\040\000R\000e\000f\000e\000r\000e\000n\000c\000e}{chapter.6}
\BOOKMARK [1][-]{section.6.2}{\376\377\000s\000r\000c\000/\000E\000v\000e\000n\000t\000H\000a\000n\000d\000l\000e\000r\000s\000/\000\040\000D\000i\000r\000e\000c\000t\000o\000r\000y\000\040\000R\000e\000f\000e\000r\000e\000n\000c\000e}{chapter.6}
\BOOKMARK [1][-]{section.6.3}{\376\377\000s\000r\000c\000/\000E\000v\000e\000n\000t\000s\000/\000\040\000D\000i\000r\000e\000c\000t\000o\000r\000y\000\040\000R\000e\000f\000e\000r\000e\000n\000c\000e}{chapter.6}
\BOOKMARK [1][-]{section.6.4}{\376\377\000s\000r\000c\000/\000M\000o\000d\000e\000l\000/\000\040\000D\000i\000r\000e\000c\000t\000o\000r\000y\000\040\000R\000e\000f\000e\000r\000e\000n\000c\000e}{chapter.6}
\BOOKMARK [1][-]{section.6.5}{\376\377\000s\000r\000c\000/\000O\000p\000e\000n\000G\000L\000/\000\040\000D\000i\000r\000e\000c\000t\000o\000r\000y\000\040\000R\000e\000f\000e\000r\000e\000n\000c\000e}{chapter.6}
\BOOKMARK [1][-]{section.6.6}{\376\377\000s\000r\000c\000/\000R\000e\000q\000u\000e\000s\000t\000s\000/\000\040\000D\000i\000r\000e\000c\000t\000o\000r\000y\000\040\000R\000e\000f\000e\000r\000e\000n\000c\000e}{chapter.6}
\BOOKMARK [1][-]{section.6.7}{\376\377\000s\000r\000c\000/\000S\000i\000m\000u\000l\000a\000t\000i\000o\000n\000C\000o\000n\000t\000r\000o\000l\000/\000\040\000D\000i\000r\000e\000c\000t\000o\000r\000y\000\040\000R\000e\000f\000e\000r\000e\000n\000c\000e}{chapter.6}
\BOOKMARK [1][-]{section.6.8}{\376\377\000s\000r\000c\000/\000S\000i\000m\000u\000l\000a\000t\000i\000o\000n\000K\000e\000r\000n\000e\000l\000/\000\040\000D\000i\000r\000e\000c\000t\000o\000r\000y\000\040\000R\000e\000f\000e\000r\000e\000n\000c\000e}{chapter.6}
\BOOKMARK [1][-]{section.6.9}{\376\377\000s\000r\000c\000/\000\040\000D\000i\000r\000e\000c\000t\000o\000r\000y\000\040\000R\000e\000f\000e\000r\000e\000n\000c\000e}{chapter.6}
\BOOKMARK [1][-]{section.6.10}{\376\377\000s\000r\000c\000/\000S\000t\000a\000t\000i\000s\000t\000i\000c\000s\000/\000\040\000D\000i\000r\000e\000c\000t\000o\000r\000y\000\040\000R\000e\000f\000e\000r\000e\000n\000c\000e}{chapter.6}
\BOOKMARK [1][-]{section.6.11}{\376\377\000s\000r\000c\000/\000U\000s\000e\000r\000I\000n\000t\000e\000r\000f\000a\000c\000e\000s\000/\000\040\000D\000i\000r\000e\000c\000t\000o\000r\000y\000\040\000R\000e\000f\000e\000r\000e\000n\000c\000e}{chapter.6}
\BOOKMARK [1][-]{section.6.12}{\376\377\000s\000r\000c\000/\000U\000t\000i\000l\000i\000t\000i\000e\000s\000/\000\040\000D\000i\000r\000e\000c\000t\000o\000r\000y\000\040\000R\000e\000f\000e\000r\000e\000n\000c\000e}{chapter.6}
\BOOKMARK [1][-]{section.6.13}{\376\377\000s\000r\000c\000/\000V\000i\000e\000w\000s\000/\000\040\000D\000i\000r\000e\000c\000t\000o\000r\000y\000\040\000R\000e\000f\000e\000r\000e\000n\000c\000e}{chapter.6}
\BOOKMARK [1][-]{section.6.14}{\376\377\000s\000r\000c\000/\000V\000i\000s\000u\000a\000l\000i\000s\000a\000t\000i\000o\000n\000/\000\040\000D\000i\000r\000e\000c\000t\000o\000r\000y\000\040\000R\000e\000f\000e\000r\000e\000n\000c\000e}{chapter.6}
\BOOKMARK [0][-]{chapter.7}{\376\377\000N\000a\000m\000e\000s\000p\000a\000c\000e\000\040\000D\000o\000c\000u\000m\000e\000n\000t\000a\000t\000i\000o\000n}{}
\BOOKMARK [1][-]{section.7.1}{\376\377\000C\000o\000o\000r\000d\000C\000o\000n\000v\000e\000r\000t\000e\000r\000\040\000N\000a\000m\000e\000s\000p\000a\000c\000e\000\040\000R\000e\000f\000e\000r\000e\000n\000c\000e}{chapter.7}
\BOOKMARK [2][-]{subsection.7.1.1}{\376\377\000D\000e\000t\000a\000i\000l\000e\000d\000\040\000D\000e\000s\000c\000r\000i\000p\000t\000i\000o\000n}{section.7.1}
\BOOKMARK [2][-]{subsection.7.1.2}{\376\377\000F\000u\000n\000c\000t\000i\000o\000n\000\040\000D\000o\000c\000u\000m\000e\000n\000t\000a\000t\000i\000o\000n}{section.7.1}
\BOOKMARK [3][-]{subsubsection.7.1.2.1}{\376\377\000g\000l\000o\000b\000a\000l\000\137\000t\000o\000\137\000l\000o\000c\000a\000l}{subsection.7.1.2}
\BOOKMARK [3][-]{subsubsection.7.1.2.2}{\376\377\000l\000o\000c\000a\000l\000\137\000t\000o\000\137\000g\000l\000o\000b\000a\000l}{subsection.7.1.2}
\BOOKMARK [1][-]{section.7.2}{\376\377\000P\000g\000G\000L\000U\000T\000\040\000N\000a\000m\000e\000s\000p\000a\000c\000e\000\040\000R\000e\000f\000e\000r\000e\000n\000c\000e}{chapter.7}
\BOOKMARK [2][-]{subsection.7.2.1}{\376\377\000D\000e\000t\000a\000i\000l\000e\000d\000\040\000D\000e\000s\000c\000r\000i\000p\000t\000i\000o\000n}{section.7.2}
\BOOKMARK [2][-]{subsection.7.2.2}{\376\377\000F\000u\000n\000c\000t\000i\000o\000n\000\040\000D\000o\000c\000u\000m\000e\000n\000t\000a\000t\000i\000o\000n}{section.7.2}
\BOOKMARK [3][-]{subsubsection.7.2.2.1}{\376\377\000g\000l\000u\000t\000D\000i\000s\000p\000l\000a\000y\000F\000u\000n\000c}{subsection.7.2.2}
\BOOKMARK [3][-]{subsubsection.7.2.2.2}{\376\377\000g\000l\000u\000t\000K\000e\000y\000b\000o\000a\000r\000d\000F\000u\000n\000c}{subsection.7.2.2}
\BOOKMARK [3][-]{subsubsection.7.2.2.3}{\376\377\000g\000l\000u\000t\000M\000a\000i\000n\000L\000o\000o\000p}{subsection.7.2.2}
\BOOKMARK [3][-]{subsubsection.7.2.2.4}{\376\377\000g\000l\000u\000t\000M\000o\000u\000s\000e\000F\000u\000n\000c}{subsection.7.2.2}
\BOOKMARK [3][-]{subsubsection.7.2.2.5}{\376\377\000g\000l\000u\000t\000R\000e\000s\000h\000a\000p\000e\000F\000u\000n\000c}{subsection.7.2.2}
\BOOKMARK [3][-]{subsubsection.7.2.2.6}{\376\377\000i\000n\000i\000t}{subsection.7.2.2}
\BOOKMARK [0][-]{chapter.8}{\376\377\000C\000l\000a\000s\000s\000\040\000D\000o\000c\000u\000m\000e\000n\000t\000a\000t\000i\000o\000n}{}
\BOOKMARK [1][-]{section.8.1}{\376\377\000A\000c\000c\000e\000l\000e\000r\000a\000t\000i\000o\000n\000R\000e\000q\000u\000e\000s\000t\000\040\000C\000l\000a\000s\000s\000\040\000R\000e\000f\000e\000r\000e\000n\000c\000e}{chapter.8}
\BOOKMARK [2][-]{subsection.8.1.1}{\376\377\000D\000e\000t\000a\000i\000l\000e\000d\000\040\000D\000e\000s\000c\000r\000i\000p\000t\000i\000o\000n}{section.8.1}
\BOOKMARK [1][-]{section.8.2}{\376\377\000A\000c\000t\000i\000v\000a\000t\000i\000o\000n\000S\000e\000q\000u\000e\000n\000c\000e\000G\000e\000n\000e\000r\000a\000t\000o\000r\000\040\000C\000l\000a\000s\000s\000\040\000R\000e\000f\000e\000r\000e\000n\000c\000e}{chapter.8}
\BOOKMARK [2][-]{subsection.8.2.1}{\376\377\000D\000e\000t\000a\000i\000l\000e\000d\000\040\000D\000e\000s\000c\000r\000i\000p\000t\000i\000o\000n}{section.8.2}
\BOOKMARK [2][-]{subsection.8.2.2}{\376\377\000M\000e\000m\000b\000e\000r\000\040\000F\000u\000n\000c\000t\000i\000o\000n\000\040\000D\000o\000c\000u\000m\000e\000n\000t\000a\000t\000i\000o\000n}{section.8.2}
\BOOKMARK [3][-]{subsubsection.8.2.2.1}{\376\377\000i\000n\000i\000t\000i\000a\000l\000i\000z\000e}{subsection.8.2.2}
\BOOKMARK [3][-]{subsubsection.8.2.2.2}{\376\377\000g\000e\000t\000\137\000n\000e\000x\000t\000\137\000e\000v\000e\000n\000t}{subsection.8.2.2}
\BOOKMARK [3][-]{subsubsection.8.2.2.3}{\376\377\000g\000e\000t\000\137\000t\000i\000m\000e\000\137\000o\000f\000\137\000n\000e\000x\000t\000\137\000e\000v\000e\000n\000t}{subsection.8.2.2}
\BOOKMARK [1][-]{section.8.3}{\376\377\000A\000s\000y\000n\000c\000h\000r\000o\000n\000o\000u\000s\000A\000S\000G\000\040\000C\000l\000a\000s\000s\000\040\000R\000e\000f\000e\000r\000e\000n\000c\000e}{chapter.8}
\BOOKMARK [2][-]{subsection.8.3.1}{\376\377\000D\000e\000t\000a\000i\000l\000e\000d\000\040\000D\000e\000s\000c\000r\000i\000p\000t\000i\000o\000n}{section.8.3}
\BOOKMARK [2][-]{subsection.8.3.2}{\376\377\000M\000e\000m\000b\000e\000r\000\040\000F\000u\000n\000c\000t\000i\000o\000n\000\040\000D\000o\000c\000u\000m\000e\000n\000t\000a\000t\000i\000o\000n}{section.8.3}
\BOOKMARK [3][-]{subsubsection.8.3.2.1}{\376\377\000i\000n\000i\000t\000i\000a\000l\000i\000z\000e}{subsection.8.3.2}
\BOOKMARK [3][-]{subsubsection.8.3.2.2}{\376\377\000g\000e\000t\000\137\000n\000e\000x\000t\000\137\000e\000v\000e\000n\000t}{subsection.8.3.2}
\BOOKMARK [3][-]{subsubsection.8.3.2.3}{\376\377\000g\000e\000t\000\137\000t\000i\000m\000e\000\137\000o\000f\000\137\000n\000e\000x\000t\000\137\000e\000v\000e\000n\000t}{subsection.8.3.2}
\BOOKMARK [3][-]{subsubsection.8.3.2.4}{\376\377\000u\000p\000d\000a\000t\000e}{subsection.8.3.2}
\BOOKMARK [3][-]{subsubsection.8.3.2.5}{\376\377\000c\000h\000o\000o\000s\000e\000\137\000e\000v\000e\000n\000t\000\137\000t\000y\000p\000e}{subsection.8.3.2}
\BOOKMARK [2][-]{subsection.8.3.3}{\376\377\000F\000r\000i\000e\000n\000d\000s\000\040\000A\000n\000d\000\040\000R\000e\000l\000a\000t\000e\000d\000\040\000F\000u\000n\000c\000t\000i\000o\000n\000\040\000D\000o\000c\000u\000m\000e\000n\000t\000a\000t\000i\000o\000n}{section.8.3}
\BOOKMARK [3][-]{subsubsection.8.3.3.1}{\376\377\000A\000s\000y\000n\000c\000h\000r\000o\000n\000o\000u\000s\000A\000S\000G\000T\000e\000s\000t\000A\000c\000c\000e\000s\000s\000o\000r}{subsection.8.3.3}
\BOOKMARK [2][-]{subsection.8.3.4}{\376\377\000M\000e\000m\000b\000e\000r\000\040\000D\000a\000t\000a\000\040\000D\000o\000c\000u\000m\000e\000n\000t\000a\000t\000i\000o\000n}{section.8.3}
\BOOKMARK [3][-]{subsubsection.8.3.4.1}{\376\377\000t\000i\000m\000e\000\137\000o\000f\000\137\000n\000e\000x\000t\000\137\000e\000v\000e\000n\000t\000\137}{subsection.8.3.4}
\BOOKMARK [3][-]{subsubsection.8.3.4.2}{\376\377\000u\000n\000h\000a\000n\000d\000l\000e\000d\000\137\000r\000e\000q\000u\000e\000s\000t\000\137\000s\000e\000t\000\137}{subsection.8.3.4}
\BOOKMARK [3][-]{subsubsection.8.3.4.3}{\376\377\000l\000o\000o\000k\000i\000n\000g\000\137\000r\000o\000b\000o\000t\000s\000\137}{subsection.8.3.4}
\BOOKMARK [3][-]{subsubsection.8.3.4.4}{\376\377\000c\000o\000m\000p\000u\000t\000i\000n\000g\000\137\000r\000o\000b\000o\000t\000s\000\137}{subsection.8.3.4}
\BOOKMARK [3][-]{subsubsection.8.3.4.5}{\376\377\000h\000a\000n\000d\000l\000i\000n\000g\000\137\000r\000o\000b\000o\000t\000s\000\137}{subsection.8.3.4}
\BOOKMARK [3][-]{subsubsection.8.3.4.6}{\376\377\000d\000i\000s\000t\000r\000i\000b\000u\000t\000i\000o\000n\000\137\000g\000e\000n\000e\000r\000a\000t\000o\000r\000\137}{subsection.8.3.4}
\BOOKMARK [1][-]{section.8.4}{\376\377\000B\000o\000x\000\040\000C\000l\000a\000s\000s\000\040\000R\000e\000f\000e\000r\000e\000n\000c\000e}{chapter.8}
\BOOKMARK [2][-]{subsection.8.4.1}{\376\377\000D\000e\000t\000a\000i\000l\000e\000d\000\040\000D\000e\000s\000c\000r\000i\000p\000t\000i\000o\000n}{section.8.4}
\BOOKMARK [2][-]{subsection.8.4.2}{\376\377\000M\000e\000m\000b\000e\000r\000\040\000F\000u\000n\000c\000t\000i\000o\000n\000\040\000D\000o\000c\000u\000m\000e\000n\000t\000a\000t\000i\000o\000n}{section.8.4}
\BOOKMARK [3][-]{subsubsection.8.4.2.1}{\376\377\000h\000e\000i\000g\000h\000t}{subsection.8.4.2}
\BOOKMARK [3][-]{subsubsection.8.4.2.2}{\376\377\000s\000e\000t\000\137\000h\000e\000i\000g\000h\000t}{subsection.8.4.2}
\BOOKMARK [3][-]{subsubsection.8.4.2.3}{\376\377\000d\000e\000p\000t\000h}{subsection.8.4.2}
\BOOKMARK [3][-]{subsubsection.8.4.2.4}{\376\377\000s\000e\000t\000\137\000d\000e\000p\000t\000h}{subsection.8.4.2}
\BOOKMARK [3][-]{subsubsection.8.4.2.5}{\376\377\000w\000i\000d\000t\000h}{subsection.8.4.2}
\BOOKMARK [3][-]{subsubsection.8.4.2.6}{\376\377\000s\000e\000t\000\137\000w\000i\000d\000t\000h}{subsection.8.4.2}
\BOOKMARK [3][-]{subsubsection.8.4.2.7}{\376\377\000c\000o\000n\000t\000a\000i\000n\000s\000\137\000p\000o\000i\000n\000t}{subsection.8.4.2}
\BOOKMARK [3][-]{subsubsection.8.4.2.8}{\376\377\000c\000l\000o\000n\000e}{subsection.8.4.2}
\BOOKMARK [1][-]{section.8.5}{\376\377\000B\000o\000x\000I\000d\000e\000n\000t\000i\000f\000i\000e\000r\000\040\000C\000l\000a\000s\000s\000\040\000R\000e\000f\000e\000r\000e\000n\000c\000e}{chapter.8}
\BOOKMARK [2][-]{subsection.8.5.1}{\376\377\000D\000e\000t\000a\000i\000l\000e\000d\000\040\000D\000e\000s\000c\000r\000i\000p\000t\000i\000o\000n}{section.8.5}
\BOOKMARK [1][-]{section.8.6}{\376\377\000C\000h\000a\000i\000n\000V\000i\000e\000w\000\040\000C\000l\000a\000s\000s\000\040\000R\000e\000f\000e\000r\000e\000n\000c\000e}{chapter.8}
\BOOKMARK [2][-]{subsection.8.6.1}{\376\377\000D\000e\000t\000a\000i\000l\000e\000d\000\040\000D\000e\000s\000c\000r\000i\000p\000t\000i\000o\000n}{section.8.6}
\BOOKMARK [1][-]{section.8.7}{\376\377\000C\000o\000g\000V\000i\000e\000w\000\040\000C\000l\000a\000s\000s\000\040\000R\000e\000f\000e\000r\000e\000n\000c\000e}{chapter.8}
\BOOKMARK [2][-]{subsection.8.7.1}{\376\377\000D\000e\000t\000a\000i\000l\000e\000d\000\040\000D\000e\000s\000c\000r\000i\000p\000t\000i\000o\000n}{section.8.7}
\BOOKMARK [1][-]{section.8.8}{\376\377\000C\000o\000m\000p\000u\000t\000e\000E\000v\000e\000n\000t\000\040\000C\000l\000a\000s\000s\000\040\000R\000e\000f\000e\000r\000e\000n\000c\000e}{chapter.8}
\BOOKMARK [2][-]{subsection.8.8.1}{\376\377\000D\000e\000t\000a\000i\000l\000e\000d\000\040\000D\000e\000s\000c\000r\000i\000p\000t\000i\000o\000n}{section.8.8}
\BOOKMARK [2][-]{subsection.8.8.2}{\376\377\000M\000e\000m\000b\000e\000r\000\040\000F\000u\000n\000c\000t\000i\000o\000n\000\040\000D\000o\000c\000u\000m\000e\000n\000t\000a\000t\000i\000o\000n}{section.8.8}
\BOOKMARK [3][-]{subsubsection.8.8.2.1}{\376\377\000a\000d\000d\000\137\000t\000o\000\137\000r\000o\000b\000o\000t\000\137\000s\000u\000b\000s\000e\000t}{subsection.8.8.2}
\BOOKMARK [3][-]{subsubsection.8.8.2.2}{\376\377\000r\000o\000b\000o\000t\000\137\000s\000u\000b\000s\000e\000t}{subsection.8.8.2}
\BOOKMARK [3][-]{subsubsection.8.8.2.3}{\376\377\000a\000d\000d\000\137\000t\000o\000\137\000r\000e\000q\000u\000e\000s\000t\000s}{subsection.8.8.2}
\BOOKMARK [3][-]{subsubsection.8.8.2.4}{\376\377\000r\000e\000q\000u\000e\000s\000t\000s}{subsection.8.8.2}
\BOOKMARK [2][-]{subsection.8.8.3}{\376\377\000M\000e\000m\000b\000e\000r\000\040\000D\000a\000t\000a\000\040\000D\000o\000c\000u\000m\000e\000n\000t\000a\000t\000i\000o\000n}{section.8.8}
\BOOKMARK [3][-]{subsubsection.8.8.3.1}{\376\377\000r\000o\000b\000o\000t\000\137\000s\000u\000b\000s\000e\000t\000\137}{subsection.8.8.3}
\BOOKMARK [3][-]{subsubsection.8.8.3.2}{\376\377\000r\000e\000q\000u\000e\000s\000t\000s\000\137}{subsection.8.8.3}
\BOOKMARK [1][-]{section.8.9}{\376\377\000D\000i\000s\000t\000r\000i\000b\000u\000t\000i\000o\000n\000G\000e\000n\000e\000r\000a\000t\000o\000r\000\040\000C\000l\000a\000s\000s\000\040\000R\000e\000f\000e\000r\000e\000n\000c\000e}{chapter.8}
\BOOKMARK [2][-]{subsection.8.9.1}{\376\377\000D\000e\000t\000a\000i\000l\000e\000d\000\040\000D\000e\000s\000c\000r\000i\000p\000t\000i\000o\000n}{section.8.9}
\BOOKMARK [2][-]{subsection.8.9.2}{\376\377\000C\000o\000n\000s\000t\000r\000u\000c\000t\000o\000r\000\040\000\046\000\040\000D\000e\000s\000t\000r\000u\000c\000t\000o\000r\000\040\000D\000o\000c\000u\000m\000e\000n\000t\000a\000t\000i\000o\000n}{section.8.9}
\BOOKMARK [3][-]{subsubsection.8.9.2.1}{\376\377\000D\000i\000s\000t\000r\000i\000b\000u\000t\000i\000o\000n\000G\000e\000n\000e\000r\000a\000t\000o\000r}{subsection.8.9.2}
\BOOKMARK [2][-]{subsection.8.9.3}{\376\377\000M\000e\000m\000b\000e\000r\000\040\000F\000u\000n\000c\000t\000i\000o\000n\000\040\000D\000o\000c\000u\000m\000e\000n\000t\000a\000t\000i\000o\000n}{section.8.9}
\BOOKMARK [3][-]{subsubsection.8.9.3.1}{\376\377\000i\000n\000i\000t\000\137\000u\000n\000i\000f\000o\000r\000m}{subsection.8.9.3}
\BOOKMARK [3][-]{subsubsection.8.9.3.2}{\376\377\000g\000e\000t\000\137\000v\000a\000l\000u\000e\000\137\000u\000n\000i\000f\000o\000r\000m}{subsection.8.9.3}
\BOOKMARK [3][-]{subsubsection.8.9.3.3}{\376\377\000i\000n\000i\000t\000\137\000n\000o\000r\000m\000a\000l}{subsection.8.9.3}
\BOOKMARK [3][-]{subsubsection.8.9.3.4}{\376\377\000g\000e\000t\000\137\000v\000a\000l\000u\000e\000\137\000n\000o\000r\000m\000a\000l}{subsection.8.9.3}
\BOOKMARK [3][-]{subsubsection.8.9.3.5}{\376\377\000i\000n\000i\000t\000\137\000b\000e\000r\000n\000o\000u\000l\000l\000i}{subsection.8.9.3}
\BOOKMARK [3][-]{subsubsection.8.9.3.6}{\376\377\000g\000e\000t\000\137\000v\000a\000l\000u\000e\000\137\000b\000e\000r\000n\000o\000u\000l\000l\000i}{subsection.8.9.3}
\BOOKMARK [3][-]{subsubsection.8.9.3.7}{\376\377\000i\000n\000i\000t\000\137\000e\000x\000p\000o\000n\000e\000n\000t\000i\000a\000l}{subsection.8.9.3}
\BOOKMARK [3][-]{subsubsection.8.9.3.8}{\376\377\000g\000e\000t\000\137\000v\000a\000l\000u\000e\000\137\000e\000x\000p\000o\000n\000e\000n\000t\000i\000a\000l}{subsection.8.9.3}
\BOOKMARK [3][-]{subsubsection.8.9.3.9}{\376\377\000i\000n\000i\000t\000\137\000u\000n\000i\000f\000o\000r\000m\000\137\000r\000e\000a\000l}{subsection.8.9.3}
\BOOKMARK [3][-]{subsubsection.8.9.3.10}{\376\377\000g\000e\000t\000\137\000v\000a\000l\000u\000e\000\137\000u\000n\000i\000f\000o\000r\000m\000\137\000r\000e\000a\000l}{subsection.8.9.3}
\BOOKMARK [3][-]{subsubsection.8.9.3.11}{\376\377\000i\000n\000i\000t\000\137\000u\000n\000i\000f\000o\000r\000m\000\137\000o\000n\000\137\000s\000p\000h\000e\000r\000e}{subsection.8.9.3}
\BOOKMARK [3][-]{subsubsection.8.9.3.12}{\376\377\000g\000e\000t\000\137\000v\000a\000l\000u\000e\000\137\000u\000n\000i\000f\000o\000r\000m\000\137\000o\000n\000\137\000s\000p\000h\000e\000r\000e}{subsection.8.9.3}
\BOOKMARK [3][-]{subsubsection.8.9.3.13}{\376\377\000g\000e\000t\000\137\000v\000a\000l\000u\000e\000\137\000u\000n\000i\000f\000o\000r\000m\000\137\000o\000n\000\137\000s\000p\000h\000e\000r\000e\000\137\0003\000d}{subsection.8.9.3}
\BOOKMARK [3][-]{subsubsection.8.9.3.14}{\376\377\000s\000e\000t\000\137\000s\000e\000e\000d}{subsection.8.9.3}
